<?xml version="1.0" encoding="UTF-8" ?>
<testsuite tests="26" failures="0" name="Test.Login.RunnerTest" time="0.002" errors="0" skipped="0">
  <properties>
    <property name="java.runtime.name" value="Java(TM) SE Runtime Environment"/>
    <property name="sun.boot.library.path" value="/Library/Java/JavaVirtualMachines/jdk1.8.0_161.jdk/Contents/Home/jre/lib"/>
    <property name="java.vm.version" value="25.161-b12"/>
    <property name="gopherProxySet" value="false"/>
    <property name="java.vm.vendor" value="Oracle Corporation"/>
    <property name="maven.multiModuleProjectDirectory" value="/Users/prachisingh/eclipse-workspace/Login"/>
    <property name="java.vendor.url" value="http://java.oracle.com/"/>
    <property name="path.separator" value=":"/>
    <property name="guice.disable.misplaced.annotation.check" value="true"/>
    <property name="java.vm.name" value="Java HotSpot(TM) 64-Bit Server VM"/>
    <property name="file.encoding.pkg" value="sun.io"/>
    <property name="user.country" value="NL"/>
    <property name="sun.java.launcher" value="SUN_STANDARD"/>
    <property name="sun.os.patch.level" value="unknown"/>
    <property name="java.vm.specification.name" value="Java Virtual Machine Specification"/>
    <property name="user.dir" value="/Users/prachisingh/eclipse-workspace/Login"/>
    <property name="java.runtime.version" value="1.8.0_161-b12"/>
    <property name="java.awt.graphicsenv" value="sun.awt.CGraphicsEnvironment"/>
    <property name="java.endorsed.dirs" value="/Library/Java/JavaVirtualMachines/jdk1.8.0_161.jdk/Contents/Home/jre/lib/endorsed"/>
    <property name="os.arch" value="x86_64"/>
    <property name="java.io.tmpdir" value="/var/folders/4v/qcvgpkls7bzf0hmngxjlxsz00000gn/T/"/>
    <property name="line.separator" value="
"/>
    <property name="java.vm.specification.vendor" value="Oracle Corporation"/>
    <property name="os.name" value="Mac OS X"/>
    <property name="classworlds.conf" value="/usr/local/Cellar/maven/3.5.3/libexec/bin/m2.conf"/>
    <property name="sun.jnu.encoding" value="UTF-8"/>
    <property name="java.library.path" value="/Users/prachisingh/Library/Java/Extensions:/Library/Java/Extensions:/Network/Library/Java/Extensions:/System/Library/Java/Extensions:/usr/lib/java:."/>
    <property name="maven.conf" value="/usr/local/Cellar/maven/3.5.3/libexec/conf"/>
    <property name="java.specification.name" value="Java Platform API Specification"/>
    <property name="java.class.version" value="52.0"/>
    <property name="sun.management.compiler" value="HotSpot 64-Bit Tiered Compilers"/>
    <property name="os.version" value="10.13.4"/>
    <property name="library.jansi.path" value="/usr/local/Cellar/maven/3.5.3/libexec/lib/jansi-native"/>
    <property name="user.home" value="/Users/prachisingh"/>
    <property name="user.timezone" value="Europe/Amsterdam"/>
    <property name="java.awt.printerjob" value="sun.lwawt.macosx.CPrinterJob"/>
    <property name="java.specification.version" value="1.8"/>
    <property name="file.encoding" value="UTF-8"/>
    <property name="user.name" value="prachisingh"/>
    <property name="java.class.path" value="/usr/local/Cellar/maven/3.5.3/libexec/boot/plexus-classworlds-2.5.2.jar"/>
    <property name="java.vm.specification.version" value="1.8"/>
    <property name="sun.arch.data.model" value="64"/>
    <property name="java.home" value="/Library/Java/JavaVirtualMachines/jdk1.8.0_161.jdk/Contents/Home/jre"/>
    <property name="sun.java.command" value="org.codehaus.plexus.classworlds.launcher.Launcher test"/>
    <property name="java.specification.vendor" value="Oracle Corporation"/>
    <property name="user.language" value="en"/>
    <property name="awt.toolkit" value="sun.lwawt.macosx.LWCToolkit"/>
    <property name="java.vm.info" value="mixed mode"/>
    <property name="java.version" value="1.8.0_161"/>
    <property name="java.ext.dirs" value="/Users/prachisingh/Library/Java/Extensions:/Library/Java/JavaVirtualMachines/jdk1.8.0_161.jdk/Contents/Home/jre/lib/ext:/Library/Java/Extensions:/Network/Library/Java/Extensions:/System/Library/Java/Extensions:/usr/lib/java"/>
    <property name="sun.boot.class.path" value="/Library/Java/JavaVirtualMachines/jdk1.8.0_161.jdk/Contents/Home/jre/lib/resources.jar:/Library/Java/JavaVirtualMachines/jdk1.8.0_161.jdk/Contents/Home/jre/lib/rt.jar:/Library/Java/JavaVirtualMachines/jdk1.8.0_161.jdk/Contents/Home/jre/lib/sunrsasign.jar:/Library/Java/JavaVirtualMachines/jdk1.8.0_161.jdk/Contents/Home/jre/lib/jsse.jar:/Library/Java/JavaVirtualMachines/jdk1.8.0_161.jdk/Contents/Home/jre/lib/jce.jar:/Library/Java/JavaVirtualMachines/jdk1.8.0_161.jdk/Contents/Home/jre/lib/charsets.jar:/Library/Java/JavaVirtualMachines/jdk1.8.0_161.jdk/Contents/Home/jre/lib/jfr.jar:/Library/Java/JavaVirtualMachines/jdk1.8.0_161.jdk/Contents/Home/jre/classes"/>
    <property name="java.vendor" value="Oracle Corporation"/>
    <property name="maven.home" value="/usr/local/Cellar/maven/3.5.3/libexec"/>
    <property name="file.separator" value="/"/>
    <property name="java.vendor.url.bug" value="http://bugreport.sun.com/bugreport/"/>
    <property name="sun.cpu.endian" value="little"/>
    <property name="sun.io.unicode.encoding" value="UnicodeBig"/>
    <property name="sun.cpu.isalist" value=""/>
  </properties>
  <testcase classname="Scenario: Successful login" name="Given user open a web page" time="0.002"/>
  <testcase classname="Scenario: Successful login" name="Given user enters the UserName as &quot;admin&quot;" time="0"/>
  <testcase classname="Scenario: Successful login" name="And enters the password &quot;12345&quot;" time="0"/>
  <testcase classname="Scenario: Successful login" name="When user login" time="0"/>
  <testcase classname="Scenario: Successful login" name="Then user sees the message &quot;WELCOME :)&quot;" time="0"/>
  <testcase classname="Scenario: Successful login" name="And user goes back to home page" time="0"/>
  <testcase classname="Scenario: Successful login" name="And closes the browser" time="0"/>
  <testcase classname="Scenario: Successful login" name="Scenario: Successful login" time="0"/>
  <testcase classname="Scenario: Unsuccessful login due to wrong credential" name="Given user open a web page" time="0"/>
  <testcase classname="Scenario: Unsuccessful login due to wrong credential" name="Given user enters the UserName as &quot;admin&quot;" time="0"/>
  <testcase classname="Scenario: Unsuccessful login due to wrong credential" name="And enters the password &quot;123&quot;" time="0"/>
  <testcase classname="Scenario: Unsuccessful login due to wrong credential" name="When user login" time="0"/>
  <testcase classname="Scenario: Unsuccessful login due to wrong credential" name="Then user sees the message &quot;ACCESS DENIED!&quot;" time="0"/>
  <testcase classname="Scenario: Unsuccessful login due to wrong credential" name="And user goes back to home page" time="0"/>
  <testcase classname="Scenario: Unsuccessful login due to wrong credential" name="And closes the browser" time="0"/>
  <testcase classname="Scenario: Unsuccessful login due to wrong credential" name="Scenario: Unsuccessful login due to wrong credential" time="0"/>
  <testcase classname="Scenario: Unsuccessful login due to wrong session cookie" name="Given user open a web page and deletes the session cookie" time="0"/>
  <testcase classname="Scenario: Unsuccessful login due to wrong session cookie" name="Then user enters the UserName as &quot;admin&quot;" time="0"/>
  <testcase classname="Scenario: Unsuccessful login due to wrong session cookie" name="And enters the password &quot;12345&quot;" time="0"/>
  <testcase classname="Scenario: Unsuccessful login due to wrong session cookie" name="When user login" time="0"/>
  <testcase classname="Scenario: Unsuccessful login due to wrong session cookie" name="Then user sees the message &quot;THE SESSION COOKIE IS MISSING OR HAS A WRONG VALUE!&quot;" time="0"/>
  <testcase classname="Scenario: Unsuccessful login due to wrong session cookie" name="And user goes back to home page" time="0"/>
  <testcase classname="Scenario: Unsuccessful login due to wrong session cookie" name="And closes the browser" time="0"/>
  <testcase classname="Scenario: Unsuccessful login due to wrong session cookie" name="Scenario: Unsuccessful login due to wrong session cookie" time="0"/>
  <testcase classname="Scenario: Unsuccessful login due to http redirection not be processed" name="Given user login with username and passowrd and due to server issue http redirection was not processed" time="0"/>
  <testcase classname="Scenario: Unsuccessful login due to http redirection not be processed" name="Scenario: Unsuccessful login due to http redirection not be processed" time="0"/>
</testsuite>